<?xml version="1.0" encoding="UTF-8"?>
<testsuite name="com.spring.app.Devops02ApplicationTests" tests="1" skipped="0" failures="0" errors="0" timestamp="2025-09-02T03:43:31.717Z" hostname="chaehayeong-ui-MacBookAir.local" time="0.747">
  <properties/>
  <testcase name="contextLoads()" classname="com.spring.app.Devops02ApplicationTests" time="0.747"/>
  <system-out><![CDATA[12:43:28.922 [Test worker] INFO org.springframework.test.context.support.AnnotationConfigContextLoaderUtils -- Could not detect default configuration classes for test class [com.spring.app.Devops02ApplicationTests]: Devops02ApplicationTests does not declare any static, non-private, non-final, nested classes annotated with @Configuration.
12:43:29.120 [Test worker] INFO org.springframework.boot.test.context.SpringBootTestContextBootstrapper -- Found @SpringBootConfiguration com.spring.app.Devops02Application for test class com.spring.app.Devops02ApplicationTests

  .   ____          _            __ _ _
 /\\ / ___'_ __ _ _(_)_ __  __ _ \ \ \ \
( ( )\___ | '_ | '_| | '_ \/ _` | \ \ \ \
 \\/  ___)| |_)| | | | | || (_| |  ) ) ) )
  '  |____| .__|_| |_|_| |_\__, | / / / /
 =========|_|==============|___/=/_/_/_/

 :: Spring Boot ::                (v3.5.5)

2025-09-02T12:43:29.839+09:00  INFO 21310 --- [    Test worker] c.spring.app.Devops02ApplicationTests    : Starting Devops02ApplicationTests using Java 17.0.2 with PID 21310 (started by chaehayeong in /Users/chaehayeong/workspace_spring_boot_17/devops_02)
2025-09-02T12:43:29.842+09:00  INFO 21310 --- [    Test worker] c.spring.app.Devops02ApplicationTests    : No active profile set, falling back to 1 default profile: "default"
2025-09-02T12:43:31.238+09:00  INFO 21310 --- [    Test worker] o.s.b.a.w.s.WelcomePageHandlerMapping    : Adding welcome page template: index
2025-09-02T12:43:31.696+09:00  INFO 21310 --- [    Test worker] c.spring.app.Devops02ApplicationTests    : Started Devops02ApplicationTests in 2.41 seconds (process running for 3.738)
]]></system-out>
  <system-err><![CDATA[]]></system-err>
</testsuite>
